<?xml version="1.0" encoding="UTF-8"?>
<!-- Generated by org.testng.reporters.JUnitReportReporter -->
<testsuite skipped="0" hostname="admin" name="com.capgemini.myntra.test.MyntraInsiderPointsHistory" tests="1" failures="0" timestamp="2020-05-12T10:17:14 IST" time="18.870" errors="0">
  <testcase name="myntraInsiderPointsHistory" time="18.870" classname="com.capgemini.myntra.test.MyntraInsiderPointsHistory"/>
  <system-out/>
</testsuite> <!-- com.capgemini.myntra.test.MyntraInsiderPointsHistory -->
