<?xml version="1.0" encoding="UTF-8"?>
<!-- Generated by org.testng.reporters.JUnitReportReporter -->
<testsuite skipped="0" hostname="admin" name="com.capgemini.myntra.test.MyntraInsiderVideo" tests="4" failures="0" timestamp="2020-05-12T10:17:14 IST" time="185.997" errors="0">
  <testcase name="playVideo" time="43.151" classname="com.capgemini.myntra.test.MyntraInsiderVideo"/>
  <system-out/>
  <testcase name="muteVideo" time="41.092" classname="com.capgemini.myntra.test.MyntraInsiderVideo"/>
  <system-out/>
  <testcase name="unmuteVideo" time="53.979" classname="com.capgemini.myntra.test.MyntraInsiderVideo"/>
  <system-out/>
  <testcase name="pause" time="47.775" classname="com.capgemini.myntra.test.MyntraInsiderVideo"/>
  <system-out/>
</testsuite> <!-- com.capgemini.myntra.test.MyntraInsiderVideo -->
