<?xml version="1.0" encoding="UTF-8"?>
<!-- Generated by org.testng.reporters.JUnitReportReporter -->
<testsuite skipped="0" hostname="admin" name="com.capgemini.myntra.test.MyntraInsiderSeeMore" tests="1" failures="0" timestamp="2020-05-12T10:17:14 IST" time="17.842" errors="0">
  <testcase name="myntraInsiderSeeMore" time="17.842" classname="com.capgemini.myntra.test.MyntraInsiderSeeMore"/>
  <system-out/>
</testsuite> <!-- com.capgemini.myntra.test.MyntraInsiderSeeMore -->
