<?xml version="1.0" encoding="UTF-8"?>
<!-- Generated by org.testng.reporters.JUnitReportReporter -->
<testsuite skipped="0" hostname="admin" name="com.capgemini.myntra.test.CreditEndToEnd" tests="1" failures="0" timestamp="2020-05-13T20:42:08 IST" time="41.050" errors="0">
  <testcase name="Test" time="41.050" classname="com.capgemini.myntra.test.CreditEndToEnd"/>
  <system-out/>
</testsuite> <!-- com.capgemini.myntra.test.CreditEndToEnd -->
